[INFO ] 2025-06-16 20:06:02.706 finology.stepDefns.Hooks 140 - Test Case Finished features/login.feature : Unsuccessful login with invalid or empty mobile number : 18 : @login, @unsuccessful_login : PASSED Examples  :: mobile number = , message = *Required,  [TestNG-PoolService-5]
[WARN ] 2025-06-16 20:06:17.366 finology.pages.AccountDashboardPage 162 - org.openqa.selenium.TimeoutException Throwable Message : Expected condition failed: waiting for url to be "https://www.finology.in/account/dashboard". Current url: "https://www.finology.in/login/auth" (tried for 15 second(s) with 500 milliseconds interval)
 #1 org.openqa.selenium.support.ui.FluentWait until 228 #2 in.finology.pages.AccountDashboardPage verifyOnDashboardPage 114 Exception while verifying on Account Dashboard Page #3 in.finology.stepDefns.AccountDashboard_Steps userIsLoggedInAndOnAccountDashboardPage 16 - WARNING [TestNG-PoolService-3]
[WARN ] 2025-06-16 20:06:18.957 finology.pages.AccountDashboardPage 162 - org.openqa.selenium.TimeoutException Throwable Message : Expected condition failed: waiting for url to be "https://www.finology.in/account/dashboard". Current url: "https://www.finology.in/login/auth" (tried for 15 second(s) with 500 milliseconds interval)
 #1 org.openqa.selenium.support.ui.FluentWait until 228 #2 in.finology.pages.AccountDashboardPage verifyOnDashboardPage 114 Exception while verifying on Account Dashboard Page #3 in.finology.stepDefns.AccountDashboard_Steps userIsLoggedInAndOnAccountDashboardPage 16 - WARNING [TestNG-PoolService-2]
[WARN ] 2025-06-16 20:06:19.097 finology.utils.CustomAsserts 124 - Custom Assert : java.lang.AssertionError Throwable Message : expected [true] but found [false] User is on Dashboard Page and logged in
 #1 org.testng.Assert assertTrue 67 #2 in.finology.utils.CustomAsserts assertTrue 14 #3 in.finology.stepDefns.AccountDashboard_Steps userIsLoggedInAndOnAccountDashboardPage 16 - WARNING [TestNG-PoolService-3]
[WARN ] 2025-06-16 20:06:19.754 finology.utils.CustomAsserts 124 - Custom Assert : java.lang.AssertionError Throwable Message : expected [true] but found [false] User is on Dashboard Page and logged in
 #1 org.testng.Assert assertTrue 67 #2 in.finology.utils.CustomAsserts assertTrue 14 #3 in.finology.stepDefns.AccountDashboard_Steps userIsLoggedInAndOnAccountDashboardPage 16 - WARNING [TestNG-PoolService-2]
[WARN ] 2025-06-16 20:06:22.294 finology.pages.AccountDashboardPage 162 - org.openqa.selenium.TimeoutException Throwable Message : Expected condition failed: waiting for url to be "https://www.finology.in/account/dashboard". Current url: "https://www.finology.in/login/auth" (tried for 15 second(s) with 500 milliseconds interval)
 #1 org.openqa.selenium.support.ui.FluentWait until 228 #2 in.finology.pages.AccountDashboardPage verifyOnDashboardPage 114 Exception while verifying on Account Dashboard Page #3 in.finology.stepDefns.AccountDashboard_Steps user_should_be_redirected_to_account_dashboard_page 21 - WARNING [TestNG-PoolService-10]
[WARN ] 2025-06-16 20:06:22.740 finology.utils.CustomAsserts 124 - Custom Assert : java.lang.AssertionError Throwable Message : expected [true] but found [false] User is on Account Dashboard Page
 #1 org.testng.Assert assertTrue 67 #2 in.finology.utils.CustomAsserts assertTrue 14 #3 in.finology.stepDefns.AccountDashboard_Steps user_should_be_redirected_to_account_dashboard_page 21 - WARNING [TestNG-PoolService-10]
[INFO ] 2025-06-16 20:06:22.741 finology.stepDefns.Hooks 140 - Test Case Finished features/accountdashboard.feature : Welcome message should be displayed on dashboard page : 27 : @account_dashboard : FAILED Examples  ::  [TestNG-PoolService-3]
[INFO ] 2025-06-16 20:06:22.936 finology.stepDefns.Hooks 140 - Test Case Finished features/accountdashboard.feature : All user photo element should be displayed on dashboard page : 14 : @account_dashboard : FAILED Examples  ::  [TestNG-PoolService-2]
[INFO ] 2025-06-16 20:06:23.671 finology.stepDefns.Hooks 140 - Test Case Finished features/login.feature : Successful login with registered mobile number, email and password by clicking Login with Email button : 55 : @login, @successful_login2 : PASSED Examples  :: password = finTestUserAcology, mobile number or email = 5846975120,  [TestNG-PoolService-9]
[INFO ] 2025-06-16 20:06:24.294 finology.stepDefns.Hooks 140 - Test Case Finished features/login.feature : Successful login with registered mobile number, email and password by clicking Login with Email button : 56 : @login, @successful_login2 : FAILED Examples  :: password = finTestUserAcology, mobile number or email = testtuserac121@gmail.com,  [TestNG-PoolService-10]
[INFO ] 2025-06-16 20:06:28.253 finology.stepDefns.Hooks 140 - Test Case Finished features/login.feature : Unsuccessful login with invalid or empty mobile number : 17 : @login, @unsuccessful_login : PASSED Examples  :: mobile number = @$#637*, message = Invalid Mobile,  [TestNG-PoolService-4]
[INFO ] 2025-06-16 20:06:31.051 finology.stepDefns.Hooks 140 - Test Case Finished features/login.feature : Successful login with registered mobile number, email and password : 40 : @login, @successful_login : PASSED Examples  :: password = finTestUserAcology, mobile number = 5846975120, mobile number or email = testuserac121@gmail.com,  [TestNG-PoolService-8]
[INFO ] 2025-06-16 20:06:59.165 finology.stepDefns.Hooks 140 - Test Case Finished features/login.feature : Successful login with registered mobile number, email and password : 39 : @login, @successful_login : PASSED Examples  :: password = finTestUserAcology, mobile number = 5846975120, mobile number or email = 5846975120,  [TestNG-PoolService-7]
[WARN ] 2025-06-16 20:06:59.795 finology.pages.AccountDashboardPage 162 - org.openqa.selenium.TimeoutException Throwable Message : Expected condition failed: waiting for url to be "https://www.finology.in/account/dashboard". Current url: "https://www.finology.in/login/auth" (tried for 15 second(s) with 500 milliseconds interval)
 #1 org.openqa.selenium.support.ui.FluentWait until 228 #2 in.finology.pages.AccountDashboardPage verifyOnDashboardPage 114 Exception while verifying on Account Dashboard Page #3 in.finology.stepDefns.AccountDashboard_Steps userIsLoggedInAndOnAccountDashboardPage 16 - WARNING [TestNG-PoolService-1]
[WARN ] 2025-06-16 20:06:59.985 finology.utils.CustomAsserts 124 - Custom Assert : java.lang.AssertionError Throwable Message : expected [true] but found [false] User is on Dashboard Page and logged in
 #1 org.testng.Assert assertTrue 67 #2 in.finology.utils.CustomAsserts assertTrue 14 #3 in.finology.stepDefns.AccountDashboard_Steps userIsLoggedInAndOnAccountDashboardPage 16 - WARNING [TestNG-PoolService-1]
[INFO ] 2025-06-16 20:07:00.450 finology.stepDefns.Hooks 140 - Test Case Finished features/accountdashboard.feature : All dashboard element should be displayed on dashboard page : 8 : @account_dashboard : FAILED Examples  ::  [TestNG-PoolService-1]
[INFO ] 2025-06-16 20:07:05.885 finology.stepDefns.Hooks 140 - Test Case Finished features/login.feature : Unsuccessful login with new mobile number : 21 : @login, @unsuccessful_login_with_new_mobile : PASSED Examples  ::  [TestNG-PoolService-6]
[WARN ] 2025-06-16 20:07:08.984 finology.pages.OTPVerificationPage 162 - org.openqa.selenium.TimeoutException Throwable Message : Expected condition failed: waiting for url to contain "https://www.finology.in/verification". Current url: "https://www.finology.in/signup" (tried for 5 second(s) with 500 milliseconds interval)
 #1 org.openqa.selenium.support.ui.FluentWait until 228 #2 in.finology.pages.OTPVerificationPage verifyOnOTPVerificationPageUnder5Seconds 55 Exception while verifying on OTP Verification Page Under 5 Seconds #3 in.finology.stepDefns.OTPVerification_Steps user_should_not_be_redirected_to_otp_verification_page 12 - WARNING [TestNG-PoolService-8]
[INFO ] 2025-06-16 20:07:09.492 finology.stepDefns.Hooks 140 - Test Case Finished features/signUp.feature : Unsuccessful sign up with invalid name, valid email id and valid mobile number : 30 : @Signup, @invalid_name_signup : PASSED Examples  :: email id = randomNewEmail2423@gmail.com, mobile number = 9868546793, name = @Lakesh Sahu, message = Your name can contain only alphabets.,  [TestNG-PoolService-8]
[WARN ] 2025-06-16 20:07:15.467 finology.utils.CustomAsserts 124 - Custom Assert : java.lang.AssertionError Throwable Message : expected [true] but found [false] Invalid name error message below name input box matches with "Your name can contain only alphabets."
 #1 org.testng.Assert assertTrue 67 #2 in.finology.utils.CustomAsserts assertTrue 14 #3 in.finology.stepDefns.SignUp_Steps invalid_name_error_should_be_shown_below_name_input_box 39 - WARNING [TestNG-PoolService-9]
[INFO ] 2025-06-16 20:07:15.878 finology.stepDefns.Hooks 140 - Test Case Finished features/signUp.feature : Unsuccessful sign up with invalid name, valid email id and valid mobile number : 31 : @Signup, @invalid_name_signup : FAILED Examples  :: email id = randomNewEmailMe2123@gmail.com, mobile number = 1257465983, name = Raj$User12, message = Your name can contain only alphabets.,  [TestNG-PoolService-9]
[WARN ] 2025-06-16 20:07:17.536 finology.pages.OTPVerificationPage 162 - org.openqa.selenium.TimeoutException Throwable Message : Expected condition failed: waiting for url to contain "https://www.finology.in/verification". Current url: "https://www.finology.in/signup" (tried for 15 second(s) with 500 milliseconds interval)
 #1 org.openqa.selenium.support.ui.FluentWait until 228 #2 in.finology.pages.OTPVerificationPage verifyOnOTPVerificationPage 64 Exception while verifying on OTP Verification Page #3 in.finology.stepDefns.OTPVerification_Steps user_should_redirect_to_otp_verification_page 17 - WARNING [TestNG-PoolService-5]
[WARN ] 2025-06-16 20:07:17.900 finology.utils.CustomAsserts 124 - Custom Assert : java.lang.AssertionError Throwable Message : expected [true] but found [false] User is redirected to OTP Verification Page with valid user credentials
 #1 org.testng.Assert assertTrue 67 #2 in.finology.utils.CustomAsserts assertTrue 14 #3 in.finology.stepDefns.OTPVerification_Steps user_should_redirect_to_otp_verification_page 17 - WARNING [TestNG-PoolService-5]
[INFO ] 2025-06-16 20:07:18.499 finology.stepDefns.Hooks 140 - Test Case Finished features/signUp.feature : Successful sign up with valid name, valid email and valid mobile number : 18 : @Signup, @successful_signup : FAILED Examples  :: email id = testuserrieeeeeeeeeeeee2726@gmail.com, mobile number = 9437525638, name = TestUserRieeeeeeeeeeeee,  [TestNG-PoolService-5]
[WARN ] 2025-06-16 20:07:20.305 finology.pages.OTPVerificationPage 162 - org.openqa.selenium.TimeoutException Throwable Message : Expected condition failed: waiting for url to contain "https://www.finology.in/verification". Current url: "https://www.finology.in/signup" (tried for 15 second(s) with 500 milliseconds interval)
 #1 org.openqa.selenium.support.ui.FluentWait until 228 #2 in.finology.pages.OTPVerificationPage verifyOnOTPVerificationPage 64 Exception while verifying on OTP Verification Page #3 in.finology.stepDefns.OTPVerification_Steps user_should_redirect_to_otp_verification_page 17 - WARNING [TestNG-PoolService-4]
[WARN ] 2025-06-16 20:07:20.683 finology.utils.CustomAsserts 124 - Custom Assert : java.lang.AssertionError Throwable Message : expected [true] but found [false] User is redirected to OTP Verification Page with valid user credentials
 #1 org.testng.Assert assertTrue 67 #2 in.finology.utils.CustomAsserts assertTrue 14 #3 in.finology.stepDefns.OTPVerification_Steps user_should_redirect_to_otp_verification_page 17 - WARNING [TestNG-PoolService-4]
[INFO ] 2025-06-16 20:07:21.876 finology.stepDefns.Hooks 140 - Test Case Finished features/signUp.feature : Successful sign up with valid name, valid email and valid mobile number : 19 : @Signup, @successful_signup : FAILED Examples  :: email id = reriserrrrrrrrrrrrrrruserEmailMe2122@gmail.com, mobile number = 8335957041, name = Reriserrrrrrrrrrrrrr,  [TestNG-PoolService-4]
[WARN ] 2025-06-16 20:07:24.899 finology.pages.OTPVerificationPage 162 - org.openqa.selenium.TimeoutException Throwable Message : Expected condition failed: waiting for url to contain "https://www.finology.in/verification". Current url: "https://www.finology.in/signup" (tried for 5 second(s) with 500 milliseconds interval)
 #1 org.openqa.selenium.support.ui.FluentWait until 228 #2 in.finology.pages.OTPVerificationPage verifyOnOTPVerificationPageUnder5Seconds 55 Exception while verifying on OTP Verification Page Under 5 Seconds #3 in.finology.stepDefns.OTPVerification_Steps user_should_not_be_redirected_to_otp_verification_page 12 - WARNING [TestNG-PoolService-10]
[INFO ] 2025-06-16 20:07:25.448 finology.stepDefns.Hooks 140 - Test Case Finished features/signUp.feature : Unsuccessful sign up with invalid name, valid email id and valid mobile number : 42 : @Signup, @invalid_name_signup : PASSED Examples  :: email id = lakeshsahu758@gmail.com, mobile number = 5784692345, name = , message = *Required,  [TestNG-PoolService-10]
[WARN ] 2025-06-16 20:07:32.381 finology.pages.OTPVerificationPage 162 - org.openqa.selenium.TimeoutException Throwable Message : Expected condition failed: waiting for url to contain "https://www.finology.in/verification". Current url: "https://www.finology.in/signup" (tried for 5 second(s) with 500 milliseconds interval)
 #1 org.openqa.selenium.support.ui.FluentWait until 228 #2 in.finology.pages.OTPVerificationPage verifyOnOTPVerificationPageUnder5Seconds 55 Exception while verifying on OTP Verification Page Under 5 Seconds #3 in.finology.stepDefns.OTPVerification_Steps user_should_not_be_redirected_to_otp_verification_page 12 - WARNING [TestNG-PoolService-2]
[INFO ] 2025-06-16 20:07:32.985 finology.stepDefns.Hooks 140 - Test Case Finished features/signUp.feature : Unsuccessful sign up with valid name, invalid email id and valid mobile number : 53 : @Signup, @invalid_email_signup : PASSED Examples  :: email id = rita2056gmail.com, mobile number = 9868546756, name = Rita, message2 = Please enter a valid email address., message1 = Invalid Email,  [TestNG-PoolService-2]
[WARN ] 2025-06-16 20:07:33.136 finology.pages.OTPVerificationPage 162 - org.openqa.selenium.TimeoutException Throwable Message : Expected condition failed: waiting for url to contain "https://www.finology.in/verification". Current url: "https://www.finology.in/signup" (tried for 5 second(s) with 500 milliseconds interval)
 #1 org.openqa.selenium.support.ui.FluentWait until 228 #2 in.finology.pages.OTPVerificationPage verifyOnOTPVerificationPageUnder5Seconds 55 Exception while verifying on OTP Verification Page Under 5 Seconds #3 in.finology.stepDefns.OTPVerification_Steps user_should_not_be_redirected_to_otp_verification_page 12 - WARNING [TestNG-PoolService-3]
[INFO ] 2025-06-16 20:07:33.622 finology.stepDefns.Hooks 140 - Test Case Finished features/signUp.feature : Unsuccessful sign up with valid name, invalid email id and valid mobile number : 54 : @Signup, @invalid_email_signup : PASSED Examples  :: email id = shyammaster675@gmail, mobile number = 1257465943, name = Ram Shyam, message2 = Please enter a valid email address., message1 = Invalid Email,  [TestNG-PoolService-3]
[WARN ] 2025-06-16 20:07:35.024 finology.pages.OTPVerificationPage 162 - org.openqa.selenium.TimeoutException Throwable Message : Expected condition failed: waiting for url to contain "https://www.finology.in/verification". Current url: "https://www.finology.in/signup" (tried for 5 second(s) with 500 milliseconds interval)
 #1 org.openqa.selenium.support.ui.FluentWait until 228 #2 in.finology.pages.OTPVerificationPage verifyOnOTPVerificationPageUnder5Seconds 55 Exception while verifying on OTP Verification Page Under 5 Seconds #3 in.finology.stepDefns.OTPVerification_Steps user_should_not_be_redirected_to_otp_verification_page 12 - WARNING [TestNG-PoolService-7]
[INFO ] 2025-06-16 20:07:35.400 finology.stepDefns.Hooks 140 - Test Case Finished features/signUp.feature : Unsuccessful sign up with valid name, invalid email id and valid mobile number : 55 : @Signup, @invalid_email_signup : PASSED Examples  :: email id = , mobile number = 8646597458, name = Hitesh, message2 = *Required, message1 = *Required,  [TestNG-PoolService-7]
[WARN ] 2025-06-16 20:07:52.492 finology.pages.LoginPage 162 - org.openqa.selenium.TimeoutException Throwable Message : Expected condition failed: waiting for url to match the regex "https://www.finology.in/login(?!/auth)". Current url: "https://www.finology.in/signup" (tried for 15 second(s) with 500 milliseconds interval)
 #1 org.openqa.selenium.support.ui.FluentWait until 228 #2 in.finology.pages.LoginPage verifyOnLoginPage 79 Exception while verifying on Login Page #3 in.finology.stepDefns.Login_Steps user_should_be_redirected_to_login_page 25 - WARNING [TestNG-PoolService-1]
[WARN ] 2025-06-16 20:07:52.662 finology.utils.CustomAsserts 124 - Custom Assert : java.lang.AssertionError Throwable Message : expected [true] but found [false] User is redirected to Login Page after clicking Signup button
 #1 org.testng.Assert assertTrue 67 #2 in.finology.utils.CustomAsserts assertTrue 14 #3 in.finology.stepDefns.Login_Steps user_should_be_redirected_to_login_page 25 - WARNING [TestNG-PoolService-1]
[WARN ] 2025-06-16 20:07:52.732 finology.pages.LoginPage 162 - org.openqa.selenium.TimeoutException Throwable Message : Expected condition failed: waiting for url to match the regex "https://www.finology.in/login(?!/auth)". Current url: "https://www.finology.in/signup" (tried for 15 second(s) with 500 milliseconds interval)
 #1 org.openqa.selenium.support.ui.FluentWait until 228 #2 in.finology.pages.LoginPage verifyOnLoginPage 79 Exception while verifying on Login Page #3 in.finology.stepDefns.Login_Steps user_should_be_redirected_to_login_page 25 - WARNING [TestNG-PoolService-6]
[WARN ] 2025-06-16 20:07:52.901 finology.utils.CustomAsserts 124 - Custom Assert : java.lang.AssertionError Throwable Message : expected [true] but found [false] User is redirected to Login Page after clicking Signup button
 #1 org.testng.Assert assertTrue 67 #2 in.finology.utils.CustomAsserts assertTrue 14 #3 in.finology.stepDefns.Login_Steps user_should_be_redirected_to_login_page 25 - WARNING [TestNG-PoolService-6]
[INFO ] 2025-06-16 20:07:52.993 finology.stepDefns.Hooks 140 - Test Case Finished features/signUp.feature : Unsuccessful sign up with valid name, duplicate email or duplicate mobile number : 69 : @Signup, @unsuccessful_duplicate_account_signup : FAILED Examples  :: email id = testuserrieeeeeeeeeeeee2726@gmail.com, mobile number = 5598705134, name = TestUserRieeeeeeeeeeeee,  [TestNG-PoolService-1]
[INFO ] 2025-06-16 20:07:53.276 finology.stepDefns.Hooks 140 - Test Case Finished features/signUp.feature : Unsuccessful sign up with valid name, duplicate email or duplicate mobile number : 70 : @Signup, @unsuccessful_duplicate_account_signup : FAILED Examples  :: email id = otherneewuueeemail211317@gmail.com, mobile number = 8335957041, name = Reriserrrrrrrrrrrrrr,  [TestNG-PoolService-6]
[WARN ] 2025-06-16 20:07:55.064 finology.pages.LoginPage 162 - org.openqa.selenium.TimeoutException Throwable Message : Expected condition failed: waiting for url to match the regex "https://www.finology.in/login(?!/auth)". Current url: "https://www.finology.in/signup" (tried for 15 second(s) with 500 milliseconds interval)
 #1 org.openqa.selenium.support.ui.FluentWait until 228 #2 in.finology.pages.LoginPage verifyOnLoginPage 79 Exception while verifying on Login Page #3 in.finology.stepDefns.Login_Steps user_should_be_redirected_to_login_page 25 - WARNING [TestNG-PoolService-8]
[WARN ] 2025-06-16 20:07:55.246 finology.utils.CustomAsserts 124 - Custom Assert : java.lang.AssertionError Throwable Message : expected [true] but found [false] User is redirected to Login Page after clicking Signup button
 #1 org.testng.Assert assertTrue 67 #2 in.finology.utils.CustomAsserts assertTrue 14 #3 in.finology.stepDefns.Login_Steps user_should_be_redirected_to_login_page 25 - WARNING [TestNG-PoolService-8]
[INFO ] 2025-06-16 20:07:55.602 finology.stepDefns.Hooks 140 - Test Case Finished features/signUp.feature : Unsuccessful sign up with valid name, duplicate email or duplicate mobile number : 71 : @Signup, @unsuccessful_duplicate_account_signup : FAILED Examples  :: email id = reriserrrrrrrrrrrrrrruserEmailMe2122@gmail.com, mobile number = 8335957041, name = Reriserrrrrrrrrrrrrr,  [TestNG-PoolService-8]
